{
  "RSpec": {
    "coverage": {
      "/Users/warpc/Projects/astute/lib/astute.rb": [
        null,
        null,
        null,
        null,
        null,
        null,
        null,
        null,
        null,
        null,
        null,
        null,
        null,
        null,
        1,
        null,
        1,
        1,
        null,
        1,
        1,
        1,
        1,
        1,
        1,
        1,
        1,
        1,
        1,
        1,
        null,
        1,
        1,
        1,
        1,
        1,
        1,
        1,
        1,
        1,
        1,
        null,
        1,
        1,
        null,
        1,
        913,
        0,
        0,
        0,
        0,
        null,
        null,
        913,
        null,
        null,
        1,
        1,
        null,
        null,
        1,
        1,
        null
      ],
      "/Users/warpc/Projects/astute/lib/astute/ruby_removed_functions.rb": [
        null,
        null,
        null,
        null,
        null,
        null,
        null,
        null,
        null,
        null,
        null,
        null,
        null,
        null,
        null,
        1,
        1,
        1223,
        1223,
        1223,
        1223,
        null,
        null
      ],
      "/Users/warpc/Projects/astute/lib/astute/config.rb": [
        null,
        null,
        null,
        null,
        null,
        null,
        null,
        null,
        null,
        null,
        null,
        null,
        null,
        null,
        null,
        1,
        1,
        null,
        1,
        1,
        1,
        1,
        null,
        1,
        0,
        0,
        null,
        null,
        null,
        1,
        1,
        1,
        null,
        1,
        1,
        null,
        null,
        null,
        1,
        1,
        null,
        1,
        0,
        0,
        null,
        null,
        null,
        1,
        107,
        107,
        107,
        null,
        null,
        1,
        1,
        1,
        1,
        1,
        1,
        1,
        1,
        1,
        1,
        1,
        null,
        null
      ],
      "/Users/warpc/Projects/astute/lib/astute/logparser.rb": [
        null,
        null,
        null,
        null,
        null,
        null,
        null,
        null,
        null,
        null,
        null,
        null,
        null,
        null,
        null,
        null,
        1,
        1,
        1,
        null,
        null,
        1,
        1,
        null,
        1,
        1,
        null,
        null,
        1,
        null,
        null,
        null,
        1,
        6,
        null,
        null,
        null,
        1,
        1,
        null,
        1,
        8,
        8,
        8,
        8,
        null,
        null,
        1,
        973,
        973,
        4682,
        1657,
        1657,
        0,
        0,
        null,
        1657,
        null,
        1657,
        1657,
        null,
        0,
        0,
        null,
        null,
        null,
        null,
        null,
        1657,
        null,
        973,
        null,
        null,
        1,
        4,
        4,
        4,
        4,
        null,
        null,
        null,
        1,
        0,
        null,
        null,
        1,
        null,
        1,
        1657,
        0,
        0,
        null,
        1657,
        0,
        0,
        null,
        1657,
        1657,
        null,
        1657,
        1657,
        null,
        1657,
        null,
        null,
        1657,
        1657,
        null,
        1657,
        0,
        0,
        null,
        1657,
        null,
        null,
        1,
        null,
        null,
        null,
        null,
        1657,
        1657,
        1599,
        1599,
        1599,
        1599,
        1599,
        null,
        null,
        null,
        null,
        1,
        3256,
        0,
        0,
        null,
        3256,
        3256,
        3250,
        3250,
        3250,
        3250,
        3250,
        3250,
        null,
        null,
        null,
        null
      ],
      "/Users/warpc/Projects/astute/lib/astute/orchestrator.rb": [
        null,
        null,
        null,
        null,
        null,
        null,
        null,
        null,
        null,
        null,
        null,
        null,
        null,
        null,
        1,
        1,
        1,
        24,
        24,
        null,
        null,
        1,
        1,
        2,
        1,
        1,
        1,
        null,
        null,
        null,
        1,
        null,
        null,
        null,
        1,
        2,
        null,
        2,
        1,
        1,
        1,
        1,
        1,
        1,
        null,
        0,
        null,
        1,
        1,
        null,
        null,
        1,
        8,
        null,
        7,
        null,
        6,
        6,
        6,
        null,
        null,
        0,
        0,
        null,
        null,
        null,
        null,
        0,
        null,
        6,
        null,
        null,
        6,
        4,
        4,
        null,
        2,
        2,
        null,
        null,
        null,
        null,
        2,
        null,
        null,
        null,
        1,
        5,
        null,
        null,
        8,
        null,
        8,
        null,
        4,
        4,
        4,
        4,
        4,
        4,
        null,
        0,
        null,
        null,
        4,
        4,
        4,
        3,
        3,
        3,
        3,
        6,
        null,
        3,
        9,
        6,
        3,
        null,
        3,
        3,
        3,
        null,
        0,
        null,
        null,
        0,
        null,
        null,
        null,
        null,
        null,
        null,
        1,
        1,
        1,
        null,
        null,
        null,
        1,
        1,
        1,
        null,
        null,
        3,
        3,
        null,
        3,
        3,
        null,
        null,
        null,
        1,
        5,
        null,
        null,
        1,
        3,
        null,
        null,
        1,
        null,
        1,
        4,
        null,
        4,
        4,
        4,
        null,
        null,
        1,
        0,
        0,
        0,
        0,
        null,
        null,
        1,
        7,
        7,
        7,
        null,
        1,
        null,
        1,
        null,
        null,
        null,
        null,
        1,
        null,
        null,
        null,
        1,
        6,
        6,
        6,
        6,
        6,
        null,
        null,
        0,
        0,
        null,
        6,
        6,
        null,
        6,
        null,
        null,
        1,
        5,
        5,
        5,
        5,
        5,
        5,
        5,
        5,
        5,
        2,
        2,
        2,
        null,
        3,
        3,
        null,
        null,
        5,
        null,
        null,
        null,
        0,
        0,
        null,
        5,
        null,
        null,
        1,
        0,
        0,
        0,
        0,
        0,
        0,
        null,
        0,
        null,
        null,
        0,
        0,
        0,
        null,
        null,
        null,
        null,
        null
      ],
      "/Users/warpc/Projects/astute/lib/astute/metadata.rb": [
        null,
        null,
        null,
        null,
        null,
        null,
        null,
        null,
        null,
        null,
        null,
        null,
        null,
        null,
        null,
        1,
        1,
        null,
        1,
        1,
        1,
        null,
        0,
        0,
        0,
        null,
        0,
        null,
        null,
        null
      ],
      "/Users/warpc/Projects/astute/lib/astute/deployment_engine.rb": [
        null,
        null,
        null,
        null,
        null,
        null,
        null,
        null,
        null,
        null,
        null,
        null,
        null,
        null,
        null,
        1,
        1,
        null,
        1,
        1,
        1,
        15,
        0,
        null,
        15,
        null,
        null,
        1,
        null,
        12,
        46,
        12,
        12,
        12,
        null,
        null,
        1,
        2,
        2,
        null,
        null,
        1,
        6,
        6,
        1,
        1,
        1,
        null,
        null,
        1,
        null,
        2,
        2,
        null,
        null,
        null,
        null,
        1,
        1,
        null,
        1,
        1,
        1,
        6,
        6,
        null,
        null,
        1,
        1,
        1,
        null,
        null,
        null,
        null,
        null,
        1,
        2,
        null,
        null,
        1,
        null,
        2,
        2,
        2,
        2,
        2,
        null,
        2,
        2,
        10,
        2,
        10,
        2,
        10,
        null,
        null,
        2,
        null,
        null,
        null,
        10,
        10,
        null,
        null,
        10,
        2,
        null,
        2,
        4,
        2,
        2,
        2,
        2,
        2,
        null,
        null,
        1,
        3,
        null,
        null,
        1,
        1,
        null,
        null,
        1,
        36,
        36,
        7,
        7,
        3,
        null,
        null,
        36,
        36,
        36,
        36,
        36,
        7,
        null,
        null,
        7,
        7,
        null,
        7,
        17,
        null,
        7,
        7,
        null,
        7,
        7,
        null,
        7,
        7,
        null,
        null,
        null,
        1,
        1,
        59,
        null,
        null,
        1,
        40,
        15,
        15,
        null,
        25,
        null,
        null,
        1,
        12,
        12,
        12,
        12,
        56,
        56,
        56,
        null,
        0,
        null,
        56,
        56,
        null,
        56,
        56,
        0,
        0,
        null,
        0,
        null,
        56,
        0,
        null,
        56,
        34,
        null,
        56,
        11,
        null,
        null,
        56,
        null,
        12,
        12,
        24,
        24,
        null,
        null,
        12,
        92,
        92,
        null,
        12,
        null,
        null,
        null
      ],
      "/Users/warpc/Projects/astute/lib/astute/network.rb": [
        null,
        null,
        null,
        null,
        null,
        null,
        null,
        null,
        null,
        null,
        null,
        null,
        null,
        null,
        null,
        1,
        1,
        null,
        1,
        3,
        1,
        null,
        null,
        null,
        null,
        1,
        null,
        1,
        null,
        null,
        null,
        null,
        1,
        null,
        null,
        3,
        null,
        1,
        null,
        1,
        1,
        null,
        1,
        1,
        null,
        1,
        1,
        1,
        1,
        null,
        1,
        null,
        null,
        1,
        1,
        1,
        2,
        null,
        2,
        null,
        null,
        2,
        2,
        null,
        null,
        null,
        1,
        1,
        2,
        null,
        2,
        null,
        null,
        2,
        2,
        null,
        null,
        null,
        1,
        4,
        4,
        4,
        null,
        null,
        4,
        null,
        null,
        1,
        3,
        1,
        null,
        null,
        null,
        null,
        null,
        2,
        null,
        null,
        null,
        1,
        2,
        null,
        null,
        null,
        4,
        null,
        2,
        null,
        null,
        null,
        null,
        null
      ],
      "/Users/warpc/Projects/astute/lib/astute/puppetd.rb": [
        null,
        null,
        null,
        null,
        null,
        null,
        null,
        null,
        null,
        null,
        null,
        null,
        null,
        null,
        null,
        1,
        1,
        null,
        1,
        1,
        null,
        null,
        null,
        null,
        null,
        null,
        null,
        null,
        null,
        null,
        null,
        null,
        null,
        null,
        1,
        null,
        null,
        null,
        1,
        6,
        6,
        14,
        14,
        36,
        14,
        14,
        6,
        6,
        null,
        14,
        14,
        8,
        null,
        6,
        6,
        6,
        null,
        null,
        1,
        null,
        null,
        null,
        null,
        null,
        null,
        null,
        24,
        null,
        null,
        12,
        12,
        null,
        6,
        3,
        3,
        null,
        18,
        12,
        null,
        null,
        24,
        null,
        12,
        12,
        0,
        0,
        null,
        12,
        null,
        null,
        1,
        1,
        null,
        10,
        null,
        5,
        10,
        5,
        5,
        5,
        5,
        null,
        0,
        5,
        5,
        5,
        5,
        5,
        5,
        12,
        12,
        null,
        null,
        12,
        14,
        null,
        null,
        12,
        12,
        3,
        1,
        1,
        null,
        1,
        null,
        2,
        2,
        null,
        null,
        12,
        1,
        1,
        null,
        2,
        2,
        null,
        null,
        null,
        12,
        6,
        null,
        6,
        6,
        0,
        null,
        0,
        0,
        null,
        null,
        0,
        null,
        null,
        null,
        12,
        null,
        null,
        12,
        12,
        null,
        7,
        7,
        7,
        null,
        null,
        5,
        5,
        5,
        null,
        null,
        null
      ],
      "/Users/warpc/Projects/astute/lib/astute/rpuppet.rb": [
        null,
        null,
        null,
        null,
        null,
        null,
        null,
        null,
        null,
        null,
        null,
        null,
        null,
        null,
        null,
        1,
        1,
        null,
        1,
        1,
        1,
        0,
        0,
        0,
        null,
        0,
        0,
        null,
        null,
        null,
        null,
        0,
        0,
        0,
        0,
        0,
        null,
        0,
        0,
        null,
        null,
        null
      ],
      "/Users/warpc/Projects/astute/lib/astute/deployment_engine/simple_puppet.rb": [
        null,
        null,
        null,
        null,
        null,
        null,
        null,
        null,
        null,
        null,
        null,
        null,
        null,
        null,
        null,
        1,
        null,
        null,
        1,
        23,
        16,
        16,
        39,
        16,
        null,
        null
      ],
      "/Users/warpc/Projects/astute/lib/astute/deployment_engine/nailyfact.rb": [
        null,
        null,
        null,
        null,
        null,
        null,
        null,
        null,
        null,
        null,
        null,
        null,
        null,
        null,
        null,
        1,
        null,
        1,
        6,
        5,
        null,
        null,
        1,
        null,
        null,
        null,
        12,
        12,
        12,
        12,
        null,
        null,
        null,
        null,
        null,
        12,
        219,
        96,
        null,
        null,
        123,
        null,
        null,
        null,
        null,
        12,
        56,
        56,
        null,
        0,
        null,
        56,
        56,
        34,
        null,
        null,
        null,
        null,
        68,
        null,
        12,
        1,
        null,
        null,
        12,
        null,
        null,
        1,
        17,
        9,
        null,
        9,
        9,
        11,
        null,
        9,
        null,
        9,
        20,
        9,
        null,
        null,
        1,
        1,
        1,
        null,
        0,
        null,
        null,
        null,
        null
      ],
      "/Users/warpc/Projects/astute/lib/astute/cobbler.rb": [
        null,
        null,
        null,
        null,
        null,
        null,
        null,
        null,
        null,
        null,
        null,
        null,
        null,
        null,
        null,
        1,
        null,
        1,
        1,
        1,
        null,
        1,
        null,
        1,
        null,
        1,
        14,
        null,
        14,
        7,
        7,
        7,
        null,
        7,
        7,
        7,
        null,
        14,
        14,
        null,
        14,
        14,
        14,
        14,
        null,
        null,
        1,
        11,
        null,
        null,
        11,
        11,
        null,
        11,
        11,
        null,
        11,
        null,
        null,
        11,
        99,
        91,
        91,
        null,
        null,
        null,
        11,
        8,
        8,
        null,
        null,
        null,
        null,
        11,
        11,
        null,
        null,
        1,
        10,
        null,
        null,
        1,
        0,
        null,
        null,
        1,
        19,
        null,
        null,
        1,
        0,
        null,
        null,
        1,
        9,
        1,
        null,
        8,
        8,
        null,
        9,
        null,
        null,
        1,
        6,
        null,
        null,
        1,
        0,
        0,
        null,
        null,
        1,
        0,
        null,
        null,
        1,
        0,
        null,
        null,
        1,
        0,
        null,
        null,
        1,
        0,
        null,
        null,
        null,
        null,
        1,
        1,
        null,
        null,
        null,
        null,
        null,
        null,
        null,
        null,
        1,
        null,
        null,
        null,
        null,
        null,
        null,
        null,
        null,
        null,
        null,
        null,
        null,
        null,
        null,
        null,
        null,
        null,
        null,
        null,
        null,
        null,
        null,
        null,
        null,
        null,
        null,
        null,
        null,
        null,
        null,
        null,
        null,
        null,
        null,
        null,
        null,
        null,
        null,
        null,
        null,
        null,
        null,
        null,
        null,
        null,
        1,
        27,
        27,
        26,
        25,
        300,
        null,
        null,
        null,
        1,
        24,
        24,
        24,
        null,
        24,
        276,
        276,
        0,
        null,
        1,
        null,
        null,
        null,
        275,
        33,
        33,
        null,
        null,
        null,
        null,
        242,
        17,
        0,
        0,
        null,
        null,
        17,
        null,
        0,
        null,
        null,
        null,
        null,
        null,
        242,
        13,
        13,
        null,
        null,
        null,
        229,
        11,
        11,
        null,
        null,
        218,
        null,
        23,
        23,
        null,
        null,
        1,
        null,
        387,
        null,
        null,
        1548,
        387,
        387,
        null,
        null,
        1,
        null,
        275,
        null,
        null,
        1,
        111,
        null,
        null,
        1,
        13,
        13,
        23,
        111,
        111,
        0,
        null,
        111,
        0,
        0,
        null,
        111,
        111,
        null,
        null,
        13,
        null,
        null,
        1,
        null,
        11,
        11,
        21,
        42,
        42,
        null,
        null,
        11,
        null,
        null,
        null,
        null,
        null
      ],
      "/Users/warpc/Projects/astute/spec/unit/logparser_spec.rb": [
        null,
        null,
        null,
        null,
        null,
        null,
        null,
        null,
        null,
        null,
        null,
        null,
        null,
        null,
        null,
        1,
        null,
        1,
        null,
        1,
        1,
        null,
        null,
        6,
        6,
        6,
        6,
        6,
        1147,
        1147,
        1147,
        1147,
        1147,
        1147,
        1147,
        1147,
        1147,
        1147,
        1147,
        null,
        null,
        null,
        6,
        6,
        6,
        null,
        null,
        6,
        6,
        6,
        6,
        6,
        6,
        1147,
        1147,
        1147,
        1147,
        1147,
        1147,
        null,
        null,
        6,
        6,
        6,
        6,
        6,
        6,
        null,
        6,
        null,
        null,
        null,
        null,
        null,
        null,
        null,
        null,
        null,
        null,
        null,
        null,
        6,
        null,
        null,
        1,
        532,
        532,
        532,
        532,
        532,
        532,
        null,
        null,
        null,
        null,
        1,
        58,
        58,
        531,
        531,
        531,
        474,
        null,
        57,
        57,
        null,
        null,
        1,
        null,
        null,
        1,
        1,
        1,
        1,
        1,
        1,
        null,
        1,
        1,
        1,
        1,
        null,
        1,
        null,
        1,
        1,
        1,
        1,
        1,
        1,
        1,
        1,
        1,
        1,
        1,
        null,
        null,
        1,
        null,
        58,
        58,
        58,
        58,
        null,
        58,
        58,
        58,
        58,
        null,
        null,
        1,
        1,
        null,
        null,
        1,
        1,
        1,
        null,
        null,
        1,
        null,
        null,
        1,
        1,
        null,
        null,
        null,
        null,
        null,
        null,
        null,
        1,
        1,
        null,
        null,
        1,
        null,
        1,
        null,
        null,
        null,
        1,
        1,
        8,
        null,
        3,
        3,
        3,
        3,
        null,
        3,
        null,
        3,
        3,
        5,
        5,
        5,
        5,
        5,
        5,
        null,
        null,
        null,
        923,
        null,
        915,
        1599,
        1091,
        1091,
        1091,
        1091,
        null,
        508,
        null,
        null,
        null,
        915,
        915,
        3882,
        1599,
        1599,
        1089,
        1089,
        null,
        null,
        null,
        null,
        3,
        5,
        null,
        null,
        3,
        5,
        5,
        5,
        null,
        null,
        null,
        3,
        null,
        null,
        1,
        1,
        null,
        null,
        null,
        null,
        1,
        3,
        null,
        null,
        null,
        null,
        null,
        null,
        null,
        null,
        1,
        1,
        null,
        null,
        null,
        1,
        2,
        null,
        null,
        1,
        1,
        null,
        null,
        null,
        null,
        1,
        3,
        null,
        null,
        null,
        null
      ],
      "/Users/warpc/Projects/astute/spec/unit/mclient_spec.rb": [
        null,
        null,
        null,
        null,
        null,
        null,
        null,
        null,
        null,
        null,
        null,
        null,
        null,
        null,
        null,
        1,
        null,
        1,
        null,
        1,
        1,
        null,
        1,
        4,
        4,
        4,
        null,
        null,
        1,
        1,
        1,
        1,
        null,
        1,
        null,
        4,
        1,
        1,
        null,
        null,
        1,
        1,
        1,
        1,
        1,
        null,
        1,
        null,
        null,
        4,
        1,
        1,
        null,
        null,
        1,
        1,
        1,
        1,
        1,
        1,
        null,
        1,
        null,
        1,
        1,
        null,
        1,
        null,
        null,
        4,
        1,
        2,
        null,
        null,
        1,
        1,
        1,
        1,
        1,
        1,
        null,
        1,
        null,
        1,
        1,
        null,
        1,
        null,
        null,
        4,
        1,
        2,
        null,
        null,
        null
      ],
      "/Users/warpc/Projects/astute/lib/astute/mclient.rb": [
        null,
        null,
        null,
        null,
        null,
        null,
        null,
        null,
        null,
        null,
        null,
        null,
        null,
        null,
        null,
        1,
        null,
        1,
        1,
        1,
        null,
        1,
        null,
        1,
        31,
        31,
        77,
        31,
        31,
        31,
        31,
        null,
        null,
        1,
        3,
        3,
        null,
        null,
        1,
        99,
        null,
        99,
        32,
        32,
        null,
        null,
        null,
        67,
        null,
        67,
        null,
        65,
        null,
        null,
        1,
        null,
        1,
        45,
        null,
        null,
        45,
        null,
        2,
        2,
        2,
        4,
        2,
        2,
        2,
        2,
        2,
        null,
        2,
        2,
        2,
        null,
        2,
        6,
        2,
        2,
        0,
        null,
        2,
        null,
        null,
        null,
        99,
        45,
        1,
        1,
        null,
        45,
        2,
        2,
        null,
        null,
        null,
        null,
        1,
        103,
        null,
        0,
        null,
        null,
        0,
        0,
        0,
        0,
        null,
        0,
        0,
        0,
        null,
        null,
        1,
        31,
        31,
        31,
        31,
        31,
        null,
        null,
        0,
        0,
        0,
        null,
        null,
        1,
        69,
        80,
        null,
        null,
        null,
        null,
        null
      ],
      "/Users/warpc/Projects/astute/spec/unit/nailyfact_deploy_spec.rb": [
        null,
        null,
        null,
        null,
        null,
        null,
        null,
        null,
        null,
        null,
        null,
        null,
        null,
        null,
        null,
        1,
        null,
        1,
        1,
        1,
        7,
        7,
        7,
        7,
        7,
        7,
        7,
        7,
        null,
        null,
        null,
        null,
        null,
        null,
        null,
        null,
        7,
        null,
        null,
        null,
        null,
        null,
        null,
        null,
        null,
        null,
        null,
        null,
        null,
        null,
        null,
        null,
        null,
        null,
        null,
        null,
        null,
        null,
        null,
        null,
        null,
        null,
        null,
        null,
        null,
        null,
        null,
        null,
        null,
        null,
        null,
        null,
        null,
        null,
        null,
        null,
        null,
        null,
        null,
        null,
        null,
        null,
        null,
        null,
        null,
        null,
        null,
        null,
        null,
        null,
        null,
        null,
        null,
        null,
        null,
        null,
        null,
        null,
        null,
        null,
        null,
        null,
        null,
        null,
        null,
        null,
        null,
        null,
        null,
        null,
        null,
        null,
        7,
        21,
        null,
        7,
        null,
        null,
        null,
        null,
        null,
        null,
        null,
        null,
        null,
        null,
        null,
        null,
        null,
        null,
        null,
        null,
        null,
        null,
        null,
        null,
        null,
        null,
        null,
        null,
        null,
        null,
        null,
        null,
        null,
        null,
        null,
        null,
        null,
        null,
        null,
        null,
        null,
        null,
        null,
        null,
        7,
        7,
        7,
        null,
        7,
        7,
        null,
        null,
        1,
        1,
        1,
        1,
        null,
        1,
        1,
        null,
        1,
        1,
        null,
        null,
        1,
        1,
        1,
        2,
        null,
        null,
        1,
        1,
        1,
        null,
        4,
        4,
        1,
        1,
        1,
        null,
        null,
        1,
        1,
        6,
        1,
        6,
        1,
        1,
        2,
        null,
        1,
        1,
        1,
        null,
        null,
        1,
        1,
        1,
        6,
        1,
        null,
        null,
        1,
        1,
        1,
        1,
        1,
        1,
        null,
        null,
        1,
        1,
        1,
        null,
        null,
        null,
        null,
        null,
        null,
        null,
        null,
        null,
        null,
        null,
        null,
        null,
        null,
        null,
        null,
        null,
        null,
        null,
        null,
        null,
        1,
        null,
        null,
        null,
        1,
        null,
        null,
        null,
        null,
        null,
        null,
        null,
        null,
        null,
        null,
        null,
        null,
        null,
        null,
        null,
        null,
        null,
        null,
        null,
        null,
        null,
        null,
        null,
        null,
        null,
        null,
        null,
        null,
        null,
        1,
        1,
        null,
        null,
        null,
        null
      ],
      "/Users/warpc/Projects/astute/spec/unit/node_spec.rb": [
        null,
        null,
        null,
        null,
        null,
        null,
        null,
        null,
        null,
        null,
        null,
        null,
        null,
        null,
        null,
        1,
        null,
        1,
        1,
        1,
        1,
        1,
        null,
        null,
        1,
        2,
        null,
        null,
        1,
        1,
        1,
        1,
        1,
        null,
        null,
        1,
        1,
        2,
        2,
        2,
        null,
        null,
        1,
        1,
        1,
        1,
        1,
        1,
        1,
        1,
        null,
        null,
        1,
        1,
        1,
        1,
        1,
        null,
        null,
        null,
        1,
        1,
        1,
        null,
        null,
        null,
        1,
        1,
        1,
        1,
        1,
        1,
        null,
        null,
        1,
        1,
        1,
        1,
        1,
        1,
        null,
        null,
        1,
        1,
        null,
        null,
        null,
        1,
        1,
        null,
        null,
        1,
        2,
        null,
        null
      ],
      "/Users/warpc/Projects/astute/lib/astute/node.rb": [
        null,
        null,
        null,
        null,
        null,
        null,
        null,
        null,
        null,
        null,
        null,
        null,
        null,
        null,
        null,
        1,
        1,
        null,
        1,
        1,
        1,
        56,
        55,
        55,
        null,
        1,
        null,
        55,
        null,
        null,
        1,
        4,
        null,
        null,
        1,
        16,
        null,
        null,
        1,
        60,
        null,
        null,
        1,
        3,
        null,
        null,
        1,
        11,
        null,
        null,
        null,
        1,
        1,
        1,
        null,
        1,
        27,
        27,
        21,
        21,
        null,
        null,
        null,
        1,
        56,
        56,
        56,
        null,
        null,
        1,
        4,
        1,
        null,
        null,
        1,
        5,
        null,
        null,
        1,
        null,
        1,
        56,
        null,
        null,
        1,
        56,
        32,
        null,
        24,
        null,
        null,
        null,
        null
      ],
      "/Users/warpc/Projects/astute/spec/unit/orchestrator_spec.rb": [
        null,
        null,
        null,
        null,
        null,
        null,
        null,
        null,
        null,
        null,
        null,
        null,
        null,
        null,
        null,
        1,
        null,
        1,
        1,
        null,
        1,
        24,
        24,
        24,
        null,
        null,
        1,
        1,
        2,
        null,
        null,
        null,
        null,
        null,
        null,
        null,
        null,
        3,
        null,
        null,
        null,
        1,
        1,
        1,
        null,
        null,
        null,
        null,
        null,
        null,
        null,
        1,
        null,
        null,
        null,
        null,
        null,
        null,
        null,
        null,
        1,
        1,
        1,
        1,
        null,
        1,
        null,
        1,
        1,
        2,
        null,
        2,
        4,
        null,
        2,
        null,
        null,
        null,
        2,
        null,
        null,
        null,
        1,
        null,
        1,
        1,
        null,
        1,
        null,
        null,
        1,
        1,
        1,
        null,
        null,
        1,
        1,
        1,
        1,
        1,
        null,
        null,
        null,
        1,
        1,
        1,
        null,
        null,
        1,
        1,
        null,
        1,
        1,
        null,
        1,
        1,
        null,
        null,
        1,
        1,
        1,
        null,
        null,
        1,
        1,
        null,
        1,
        null,
        1,
        null,
        1,
        1,
        1,
        null,
        1,
        null,
        1,
        1,
        null,
        null,
        null,
        null,
        1,
        1,
        1,
        1,
        null,
        1,
        null,
        null,
        1,
        2,
        null,
        null,
        null,
        1,
        1,
        null,
        1,
        null,
        1,
        null,
        1,
        1,
        1,
        null,
        1,
        1,
        1,
        1,
        null,
        1,
        1,
        null,
        null,
        null,
        null,
        1,
        1,
        1,
        1,
        null,
        1,
        1,
        1,
        null,
        1,
        1,
        1,
        1,
        null,
        null,
        1,
        3,
        1,
        null,
        null,
        null,
        1,
        1,
        1,
        1,
        null,
        1,
        1,
        1,
        null,
        1,
        1,
        1,
        1,
        null,
        null,
        1,
        3,
        1,
        null,
        null,
        1,
        null,
        null,
        1,
        1,
        null,
        null,
        null,
        null,
        null,
        null,
        null,
        null,
        null,
        null,
        null,
        null,
        null,
        null,
        null,
        null,
        null,
        null,
        null,
        null,
        null,
        null,
        null,
        null,
        null,
        null,
        null,
        null,
        null,
        null,
        null,
        null,
        null,
        null,
        null,
        null,
        null,
        null,
        null,
        null,
        null,
        null,
        null,
        null,
        null,
        null,
        null,
        null,
        null,
        null,
        1,
        null,
        1,
        1,
        2,
        null,
        null,
        null,
        null,
        1,
        1,
        null,
        7,
        7,
        7,
        null,
        7,
        7,
        7,
        null,
        null,
        null,
        1,
        2,
        null,
        null,
        null,
        1,
        1,
        0,
        null,
        1,
        1,
        null,
        null,
        8,
        null,
        1,
        null,
        4,
        null,
        null,
        1,
        1,
        null,
        null,
        1,
        null,
        null,
        1,
        1,
        1,
        null,
        null,
        1,
        1,
        0,
        null,
        1,
        null,
        null,
        null,
        null,
        1,
        3,
        null,
        null,
        1,
        1,
        0,
        null,
        1,
        1,
        null,
        null,
        null,
        null,
        1,
        2,
        null,
        null,
        null,
        null,
        null,
        null,
        null,
        1,
        null,
        1,
        null,
        5,
        7,
        null,
        null,
        null,
        1,
        2,
        null,
        null,
        null,
        1,
        1,
        0,
        null,
        1,
        1,
        null,
        1,
        null,
        null,
        1,
        1,
        0,
        null,
        null,
        1,
        1,
        null,
        1,
        null,
        null,
        1,
        1,
        1,
        null,
        1,
        null,
        null,
        1,
        1,
        0,
        null,
        null,
        1,
        null,
        1,
        1,
        null,
        null,
        null,
        null,
        null,
        1,
        1,
        null,
        null,
        null,
        null,
        null,
        null
      ],
      "/Users/warpc/Projects/astute/spec/unit/puppetd_spec.rb": [
        null,
        null,
        null,
        null,
        null,
        null,
        null,
        null,
        null,
        null,
        null,
        null,
        null,
        null,
        null,
        1,
        null,
        1,
        null,
        1,
        1,
        null,
        1,
        1,
        5,
        5,
        5,
        5,
        5,
        null,
        null,
        1,
        1,
        1,
        null,
        null,
        null,
        null,
        1,
        1,
        null,
        1,
        1,
        1,
        null,
        1,
        null,
        1,
        null,
        1,
        1,
        1,
        null,
        1,
        null,
        null,
        null,
        null,
        1,
        null,
        1,
        null,
        null,
        1,
        1,
        1,
        null,
        null,
        null,
        null,
        1,
        1,
        null,
        1,
        1,
        1,
        null,
        1,
        null,
        1,
        null,
        1,
        1,
        1,
        null,
        1,
        null,
        null,
        null,
        null,
        1,
        null,
        1,
        null,
        null,
        1,
        1,
        null,
        null,
        1,
        null,
        null,
        null,
        null,
        null,
        1,
        1,
        null,
        null,
        null,
        1,
        1,
        null,
        null,
        null,
        1,
        1,
        null,
        null,
        null,
        null,
        null,
        null,
        1,
        1,
        null,
        null,
        null,
        1,
        1,
        null,
        null,
        null,
        1,
        null,
        1,
        null,
        1,
        null,
        null,
        null,
        null,
        null,
        null,
        null,
        null,
        null,
        1,
        null,
        null,
        1,
        1,
        null,
        null,
        1,
        1,
        null,
        1,
        null,
        null,
        null,
        null,
        1,
        1,
        1,
        null,
        1,
        null,
        1,
        1,
        1,
        1,
        null,
        1,
        null,
        1,
        1,
        1,
        null,
        1,
        null,
        null,
        null,
        1,
        null,
        1,
        1,
        null,
        null,
        1,
        1,
        null,
        1,
        null,
        null,
        null,
        null,
        1,
        1,
        1,
        1,
        null,
        1,
        1,
        1,
        1,
        null,
        1,
        1,
        1,
        null,
        1,
        null,
        1,
        null,
        1,
        1,
        1,
        1,
        null,
        1,
        null,
        null,
        null,
        null,
        null,
        1,
        null,
        1,
        1,
        null,
        null,
        null
      ],
      "/Users/warpc/Projects/astute/spec/unit/reporter_spec.rb": [
        null,
        null,
        null,
        null,
        null,
        null,
        null,
        null,
        null,
        null,
        null,
        null,
        null,
        null,
        null,
        1,
        null,
        1,
        null,
        1,
        1,
        1,
        20,
        20,
        null,
        null,
        20,
        20,
        null,
        null,
        1,
        1,
        1,
        null,
        null,
        1,
        1,
        6,
        null,
        null,
        1,
        1,
        1,
        1,
        1,
        1,
        1,
        null,
        null,
        1,
        1,
        null,
        1,
        1,
        1,
        1,
        1,
        null,
        1,
        1,
        1,
        1,
        null,
        null,
        1,
        1,
        2,
        null,
        null,
        1,
        1,
        1,
        1,
        1,
        null,
        null,
        1,
        1,
        1,
        1,
        1,
        null,
        null,
        1,
        1,
        1,
        1,
        1,
        null,
        null,
        1,
        1,
        1,
        1,
        1,
        null,
        null,
        1,
        1,
        1,
        1,
        1,
        null,
        null,
        1,
        1,
        1,
        1,
        1,
        null,
        null,
        1,
        1,
        1,
        1,
        1,
        1,
        1,
        1,
        1,
        6,
        null,
        null,
        1,
        1,
        1,
        1,
        1,
        1,
        1,
        null,
        null,
        1,
        1,
        1,
        1,
        1,
        1,
        2,
        null,
        null,
        1,
        1,
        1,
        2,
        null,
        null,
        1,
        1,
        1,
        null,
        1,
        1,
        1,
        1,
        null,
        null,
        1,
        1,
        null,
        null,
        null,
        1,
        1,
        1,
        5,
        null,
        null,
        1,
        1,
        null,
        null,
        null,
        1,
        1,
        1,
        5,
        null,
        null,
        1,
        1,
        null,
        null,
        null,
        1,
        1,
        1,
        1,
        5,
        null,
        null,
        1,
        1,
        null,
        null,
        null,
        null,
        1,
        1,
        1,
        5,
        null,
        null,
        null,
        null
      ],
      "/Users/warpc/Projects/astute/spec/unit/simplepuppet_deploy_spec.rb": [
        null,
        null,
        null,
        null,
        null,
        null,
        null,
        null,
        null,
        null,
        null,
        null,
        null,
        null,
        null,
        1,
        null,
        1,
        1,
        1,
        7,
        7,
        7,
        7,
        7,
        7,
        7,
        7,
        null,
        null,
        1,
        1,
        1,
        1,
        1,
        null,
        1,
        1,
        null,
        null,
        1,
        1,
        1,
        2,
        null,
        null,
        null,
        1,
        1,
        1,
        null,
        1,
        1,
        null,
        null,
        1,
        1,
        1,
        1,
        1,
        null,
        null,
        1,
        1,
        1,
        1,
        1,
        1,
        null,
        null,
        1,
        1,
        1,
        null,
        null,
        6,
        6,
        1,
        1,
        null,
        1,
        1,
        1,
        2,
        null,
        1,
        null,
        1,
        1,
        null,
        null,
        1,
        1,
        1,
        null,
        null,
        null,
        null,
        12,
        1,
        12,
        12,
        12,
        12,
        12,
        1,
        1,
        null,
        1,
        1,
        1,
        2,
        null,
        1,
        null,
        1,
        null,
        1,
        1,
        null,
        null,
        null
      ],
      "/Users/warpc/Projects/astute/lib/astute/logparser/provision.rb": [
        null,
        null,
        null,
        null,
        null,
        null,
        null,
        null,
        null,
        null,
        null,
        null,
        null,
        null,
        null,
        1,
        null,
        1,
        1,
        1,
        1,
        5,
        5,
        null,
        null,
        1,
        null,
        58,
        116,
        58,
        1,
        null,
        null,
        58,
        null,
        null,
        1,
        1,
        58,
        null,
        0,
        null,
        58,
        null,
        58,
        null,
        null,
        1,
        1,
        0,
        null,
        1,
        null,
        1,
        1,
        null,
        3,
        1,
        null,
        1,
        null,
        null,
        0,
        null,
        null,
        14,
        1,
        1,
        null,
        null,
        1,
        null,
        null,
        null,
        null,
        null,
        null,
        null,
        null,
        null,
        null,
        null,
        null,
        null,
        null,
        null,
        null,
        null,
        null,
        null,
        null,
        null,
        null,
        58,
        58,
        58,
        58,
        58,
        0,
        0,
        null,
        null,
        58,
        13,
        13,
        103,
        12,
        null,
        91,
        null,
        null,
        13,
        null,
        null,
        58,
        64,
        64,
        64,
        64,
        32,
        null,
        32,
        null,
        64,
        64,
        null,
        null,
        58,
        76,
        76,
        null,
        null,
        null,
        58,
        58,
        52,
        52,
        52,
        null,
        52,
        52,
        52,
        52,
        52,
        null,
        52,
        617,
        617,
        7694,
        51,
        null,
        39,
        null,
        39,
        null,
        null,
        null,
        null,
        null,
        null,
        null,
        null,
        12,
        12,
        null,
        12,
        12,
        null,
        168,
        12,
        12,
        12,
        null,
        12,
        null,
        12,
        12,
        12,
        null,
        12,
        null,
        12,
        null,
        0,
        null,
        null,
        null,
        null,
        null,
        null,
        1,
        1,
        null,
        null,
        1,
        null,
        null,
        null,
        null,
        null,
        null,
        null,
        null,
        null,
        null,
        null,
        null,
        null,
        null,
        null,
        null,
        null,
        null,
        0,
        0,
        0,
        0,
        0,
        null,
        null,
        0,
        null,
        0,
        0,
        0,
        0,
        0,
        0,
        0,
        0,
        0,
        0,
        0,
        0,
        0,
        0,
        0,
        0,
        0,
        null,
        0,
        0,
        0,
        0,
        null,
        0,
        null,
        null,
        null,
        null,
        null,
        null,
        null,
        null
      ],
      "/Users/warpc/Projects/astute/lib/astute/logparser/parser_patterns.rb": [
        null,
        null,
        null,
        null,
        null,
        null,
        null,
        null,
        null,
        null,
        null,
        null,
        null,
        null,
        null,
        1,
        1,
        1,
        1,
        14,
        null,
        null,
        1,
        0,
        null,
        null,
        1,
        null,
        null,
        null,
        null,
        null,
        null,
        null,
        null,
        null,
        null,
        null,
        null,
        null,
        null,
        null,
        null,
        null,
        null,
        null,
        null,
        null,
        null,
        null,
        null,
        null,
        null,
        null,
        null,
        null,
        null,
        null,
        null,
        null,
        null,
        null,
        null,
        null,
        null,
        null,
        null,
        null,
        null,
        null,
        null,
        null,
        null,
        null,
        null,
        null,
        null,
        null,
        null,
        null,
        null,
        null,
        null,
        null,
        null,
        null,
        null,
        null,
        null,
        null,
        null,
        null,
        null,
        null,
        null,
        null,
        null,
        null,
        null,
        null,
        null,
        null,
        null,
        null,
        null,
        null,
        null,
        null,
        null,
        null,
        null,
        null,
        null,
        null,
        null,
        null,
        null,
        null,
        null,
        null,
        null,
        null,
        null,
        null,
        null,
        null,
        null,
        null,
        null,
        null,
        null,
        null,
        null,
        null,
        null,
        null,
        null,
        null,
        null,
        null,
        null,
        null,
        null,
        null,
        null,
        null,
        null,
        null,
        null,
        null,
        null,
        null,
        null,
        null,
        null,
        null,
        null,
        null,
        null,
        null,
        null,
        null,
        null,
        null,
        null,
        null,
        null,
        null,
        null,
        null,
        null,
        null,
        null,
        null,
        null,
        null,
        null,
        null,
        null,
        null,
        null,
        null,
        null,
        null,
        null,
        null,
        null,
        null,
        null,
        null,
        null,
        null,
        null,
        null,
        null,
        null,
        null,
        null,
        null,
        null,
        null,
        null,
        null,
        null,
        null,
        null,
        null,
        null,
        null,
        null,
        null,
        null,
        null,
        null,
        null,
        null,
        null,
        null,
        null,
        null,
        null,
        null,
        null,
        null,
        null,
        null,
        null,
        null,
        null,
        null,
        null,
        null,
        null,
        null,
        null,
        null,
        null,
        null,
        null,
        null,
        null,
        null,
        null,
        null,
        null,
        null,
        null,
        null,
        null,
        null,
        null,
        null,
        null,
        null,
        null,
        null,
        null,
        null,
        null,
        null,
        null,
        null,
        null,
        null,
        null,
        null,
        null,
        null,
        null,
        null,
        null,
        null,
        null,
        null,
        null,
        null,
        null,
        null,
        null,
        null,
        null,
        null,
        null,
        null,
        null,
        null,
        null,
        null,
        null,
        null,
        null,
        null,
        null,
        null,
        null,
        null,
        null,
        null,
        null,
        null,
        null,
        null,
        null,
        null,
        null,
        null,
        null,
        null,
        null,
        null,
        null,
        null,
        null,
        null,
        null,
        null,
        null,
        null,
        null,
        null,
        null,
        null,
        null,
        null,
        null,
        null,
        null,
        null,
        null,
        null,
        null,
        null,
        null,
        null,
        null,
        null,
        null,
        null,
        null,
        null,
        null,
        null,
        null,
        null,
        null,
        null,
        null,
        null,
        null,
        null,
        null,
        null,
        null,
        null,
        null,
        null,
        null,
        null,
        null,
        null,
        null,
        null,
        null,
        null,
        null,
        null,
        null,
        null,
        null,
        null,
        null,
        null,
        null,
        null,
        null,
        null,
        null,
        null,
        null,
        null,
        null,
        null,
        null,
        null,
        null,
        null,
        null,
        null,
        null,
        null,
        null,
        null,
        null,
        null,
        null,
        null,
        null,
        null,
        null,
        null,
        null,
        null,
        null,
        null,
        null,
        null,
        null,
        null,
        null,
        null,
        null,
        null,
        null,
        null,
        null,
        null,
        null,
        null,
        null,
        null,
        null,
        null,
        null,
        null,
        null,
        null,
        null,
        null,
        null,
        null,
        null,
        null,
        null,
        null,
        null,
        null,
        null,
        null,
        null,
        null,
        null,
        null,
        null,
        null,
        null,
        null,
        null,
        null,
        null,
        null,
        null,
        null,
        null,
        null,
        null,
        null,
        null,
        null,
        null,
        null,
        null,
        null,
        null,
        null,
        null,
        null,
        null,
        null,
        null,
        null,
        null,
        null,
        null,
        null,
        null,
        null,
        null,
        null,
        null,
        null,
        null,
        null,
        null,
        null,
        null,
        null,
        null,
        null,
        null,
        null,
        null,
        null,
        null,
        null,
        null,
        null,
        null,
        null,
        null,
        null,
        null,
        null,
        null,
        null,
        null,
        null,
        null,
        null,
        null,
        null,
        null,
        null,
        null,
        null,
        null,
        null,
        null,
        null,
        null,
        null,
        null,
        null,
        null,
        null,
        null,
        null,
        null,
        null,
        null,
        null,
        null,
        null,
        null,
        null
      ],
      "/Users/warpc/Projects/astute/lib/astute/logparser/deployment.rb": [
        null,
        null,
        null,
        null,
        null,
        null,
        null,
        null,
        null,
        null,
        null,
        null,
        null,
        null,
        null,
        1,
        1,
        1,
        1,
        1,
        3,
        3,
        null,
        3,
        null,
        null,
        1,
        0,
        0,
        null,
        null,
        1,
        null,
        915,
        4566,
        1599,
        5,
        null,
        5,
        5,
        5,
        null,
        null,
        915,
        null,
        null,
        1,
        1,
        1599,
        null,
        0,
        null,
        1599,
        null,
        1599,
        null,
        null,
        1,
        null,
        null,
        null,
        null,
        null,
        0,
        0,
        0,
        0,
        0,
        0,
        0,
        null,
        0,
        null,
        0,
        0,
        null,
        0,
        0,
        null,
        null,
        0,
        0,
        0,
        0,
        null,
        0,
        null,
        0,
        0,
        0,
        0,
        null,
        0,
        0,
        0,
        null,
        null,
        1,
        null,
        null,
        null,
        null,
        null,
        null,
        null,
        null,
        null,
        null,
        null,
        null,
        null,
        null,
        null,
        1599,
        1599,
        1599,
        0,
        0,
        null,
        null,
        1599,
        1599,
        1599,
        1599,
        1599,
        null,
        null,
        1599,
        91161,
        91161,
        790841,
        790841,
        5454693,
        118528,
        null,
        5336165,
        null,
        5454693,
        null,
        null,
        790841,
        170,
        null,
        null,
        null,
        null,
        null,
        13679,
        1599,
        1599,
        13679,
        1599,
        1599,
        null,
        1599,
        1599,
        1599,
        12080,
        12080,
        12080,
        12080,
        null,
        0,
        null,
        null,
        null,
        1599,
        null,
        null,
        null,
        null
      ],
      "/Users/warpc/Projects/astute/lib/astute/context.rb": [
        null,
        null,
        null,
        null,
        null,
        null,
        null,
        null,
        null,
        null,
        null,
        null,
        null,
        null,
        null,
        1,
        1,
        1,
        null,
        1,
        10,
        10,
        10,
        null,
        null,
        null
      ],
      "/Users/warpc/Projects/astute/lib/astute/nodes_remover.rb": [
        null,
        null,
        null,
        null,
        null,
        null,
        null,
        null,
        null,
        null,
        null,
        null,
        null,
        null,
        null,
        1,
        1,
        null,
        1,
        5,
        5,
        null,
        null,
        1,
        null,
        null,
        null,
        5,
        5,
        null,
        null,
        5,
        null,
        null,
        5,
        null,
        5,
        1,
        1,
        null,
        1,
        null,
        null,
        null,
        5,
        2,
        2,
        null,
        2,
        null,
        null,
        5,
        null,
        5,
        null,
        null,
        1,
        1,
        8,
        null,
        null,
        1,
        27,
        7,
        28,
        null,
        20,
        20,
        20,
        20,
        43,
        20,
        8,
        null,
        20,
        20,
        20,
        23,
        23,
        0,
        0,
        null,
        12,
        12,
        null,
        11,
        null,
        null,
        20,
        null,
        null,
        1,
        10,
        22,
        22,
        7,
        7,
        null,
        22,
        15,
        null,
        null,
        null,
        null,
        null
      ],
      "/Users/warpc/Projects/astute/lib/astute/reporter.rb": [
        null,
        null,
        null,
        null,
        null,
        null,
        null,
        null,
        null,
        null,
        null,
        null,
        null,
        null,
        null,
        1,
        null,
        1,
        null,
        null,
        null,
        null,
        null,
        null,
        null,
        null,
        null,
        1,
        1,
        1,
        37,
        37,
        null,
        null,
        1,
        70,
        70,
        70,
        80,
        78,
        null,
        null,
        68,
        50,
        50,
        null,
        49,
        118,
        54,
        27,
        null,
        47,
        null,
        null,
        null,
        null,
        null,
        1,
        null,
        1,
        null,
        80,
        80,
        1,
        null,
        79,
        null,
        80,
        0,
        null,
        80,
        2,
        2,
        2,
        null,
        null,
        null,
        78,
        55,
        1,
        null,
        1,
        null,
        55,
        1,
        null,
        1,
        null,
        null,
        78,
        17,
        null,
        17,
        null,
        null,
        null,
        174,
        78,
        30,
        30,
        30,
        30,
        null,
        30,
        6,
        null,
        null,
        6,
        null,
        24,
        3,
        null,
        null,
        3,
        null,
        null,
        null,
        82,
        null,
        null,
        55,
        null,
        null,
        null
      ]
    },
    "timestamp": 1374221130
  }
}
